2016-06-03 01:21:00 INFO  TaskContextListener:33 - Starting web application...
2016-06-03 01:21:16 DEBUG LoginServlet:30 - Create login servlet...
2016-06-03 01:21:40 DEBUG ReservationScheduler:77 - Reservation check starting...
2016-06-03 01:21:40 DEBUG ReservationScheduler:78 - reservationDao: pl.agh.tons.project.dao.ReservationDaoImpl@467f25bc
2016-06-03 01:21:40 DEBUG ReservationScheduler:79 - copyDao: pl.agh.tons.project.dao.CopyDaoImpl@7f157b41
2016-06-03 01:21:40 DEBUG ReservationScheduler:80 - loanDao: pl.agh.tons.project.dao.LoanDaoImpl@5b4f2995
2016-06-03 01:21:40 DEBUG ReservationScheduler:84 - reservationsMap created...
2016-06-03 01:21:40 DEBUG ReservationScheduler:87 - reservations list: [pl.agh.tons.project.model.Reservation@19382aab]
2016-06-03 01:21:40 DEBUG ReservationScheduler:105 - reservations map: {1=pl.agh.tons.project.model.Reservation@19382aab}
2016-06-03 01:21:40 DEBUG ReservationScheduler:106 - copies list: [pl.agh.tons.project.model.Copy@3ab906ea]
2016-06-03 01:21:40 DEBUG ReservationScheduler:115 - persist reservations ...
2016-06-03 01:21:41 DEBUG ReservationScheduler:111 - Reservation check ending...
2016-06-03 01:21:50 DEBUG ReservationScheduler:77 - Reservation check starting...
2016-06-03 01:21:50 DEBUG ReservationScheduler:78 - reservationDao: pl.agh.tons.project.dao.ReservationDaoImpl@467f25bc
2016-06-03 01:21:50 DEBUG ReservationScheduler:79 - copyDao: pl.agh.tons.project.dao.CopyDaoImpl@7f157b41
2016-06-03 01:21:50 DEBUG ReservationScheduler:80 - loanDao: pl.agh.tons.project.dao.LoanDaoImpl@5b4f2995
2016-06-03 01:21:50 DEBUG ReservationScheduler:84 - reservationsMap created...
2016-06-03 01:21:50 DEBUG ReservationScheduler:87 - reservations list: [pl.agh.tons.project.model.Reservation@19382aab]
2016-06-03 01:21:50 DEBUG ReservationScheduler:105 - reservations map: {1=pl.agh.tons.project.model.Reservation@19382aab}
2016-06-03 01:21:50 DEBUG ReservationScheduler:106 - copies list: [pl.agh.tons.project.model.Copy@3ab906ea]
2016-06-03 01:21:50 DEBUG ReservationScheduler:115 - persist reservations ...
